---------------------------------------------
1 ROUGE-1 Average_R: 0.20038 ( 95%-conf.int. 0.17700 - 0.22232)
1 ROUGE-1 Average_P: 0.25005 ( 95%-conf.int. 0.22565 - 0.27390)
1 ROUGE-1 Average_F: 0.22145 ( 95%-conf.int. 0.19757 - 0.24417)
.............................................
1 ROUGE-1 Eval D1001-A.M.100.A.1 R:0.14403 P:0.21341 F:0.17199
1 ROUGE-1 Eval D1002-A.M.100.A.1 R:0.13389 P:0.18182 F:0.15422
1 ROUGE-1 Eval D1003-A.M.100.A.1 R:0.20779 P:0.23529 F:0.22069
1 ROUGE-1 Eval D1004-A.M.100.A.1 R:0.25620 P:0.31633 F:0.28311
1 ROUGE-1 Eval D1005-A.M.100.A.1 R:0.20902 P:0.26562 F:0.23395
1 ROUGE-1 Eval D1006-A.M.100.A.1 R:0.13027 P:0.19318 F:0.15561
1 ROUGE-1 Eval D1007-A.M.100.B.1 R:0.24889 P:0.25926 F:0.25397
1 ROUGE-1 Eval D1008-A.M.100.B.1 R:0.22984 P:0.29082 F:0.25676
1 ROUGE-1 Eval D1009-A.M.100.B.1 R:0.21239 P:0.26667 F:0.23645
1 ROUGE-1 Eval D1010-A.M.100.B.1 R:0.24400 P:0.28241 F:0.26180
1 ROUGE-1 Eval D1011-A.M.100.C.1 R:0.09052 P:0.13125 F:0.10714
1 ROUGE-1 Eval D1012-A.M.100.C.1 R:0.19106 P:0.23039 F:0.20889
1 ROUGE-1 Eval D1013-A.M.100.C.1 R:0.20080 P:0.26042 F:0.22676
1 ROUGE-1 Eval D1014-A.M.100.C.1 R:0.12552 P:0.13158 F:0.12848
1 ROUGE-1 Eval D1015-A.M.100.C.1 R:0.20000 P:0.23661 F:0.21677
1 ROUGE-1 Eval D1016-A.M.100.C.1 R:0.31390 P:0.36458 F:0.33735
1 ROUGE-1 Eval D1017-A.M.100.D.1 R:0.17551 P:0.21078 F:0.19153
1 ROUGE-1 Eval D1018-A.M.100.D.1 R:0.19665 P:0.25543 F:0.22222
1 ROUGE-1 Eval D1019-A.M.100.D.1 R:0.20000 P:0.30769 F:0.24242
1 ROUGE-1 Eval D1020-A.M.100.D.1 R:0.14876 P:0.18750 F:0.16590
1 ROUGE-1 Eval D1021-A.M.100.D.1 R:0.05932 P:0.07955 F:0.06796
1 ROUGE-1 Eval D1022-A.M.100.D.1 R:0.25105 P:0.28846 F:0.26846
1 ROUGE-1 Eval D1023-A.M.100.E.1 R:0.04132 P:0.05102 F:0.04566
1 ROUGE-1 Eval D1024-A.M.100.E.1 R:0.20000 P:0.25532 F:0.22430
1 ROUGE-1 Eval D1025-A.M.100.E.1 R:0.20354 P:0.24468 F:0.22222
1 ROUGE-1 Eval D1026-A.M.100.E.1 R:0.07692 P:0.11842 F:0.09326
1 ROUGE-1 Eval D1027-A.M.100.E.1 R:0.37698 P:0.37698 F:0.37698
1 ROUGE-1 Eval D1028-A.M.100.E.1 R:0.35833 P:0.38393 F:0.37069
1 ROUGE-1 Eval D1029-A.M.100.F.1 R:0.23750 P:0.25909 F:0.24783
1 ROUGE-1 Eval D1030-A.M.100.F.1 R:0.06349 P:0.11111 F:0.08081
1 ROUGE-1 Eval D1031-A.M.100.F.1 R:0.12245 P:0.15625 F:0.13730
1 ROUGE-1 Eval D1032-A.M.100.F.1 R:0.29771 P:0.46429 F:0.36279
1 ROUGE-1 Eval D1033-A.M.100.F.1 R:0.27273 P:0.26613 F:0.26939
1 ROUGE-1 Eval D1034-A.M.100.F.1 R:0.15638 P:0.21111 F:0.17967
1 ROUGE-1 Eval D1035-A.M.100.G.1 R:0.25203 P:0.34444 F:0.29108
1 ROUGE-1 Eval D1036-A.M.100.G.1 R:0.16327 P:0.26316 F:0.20152
1 ROUGE-1 Eval D1037-A.M.100.G.1 R:0.26852 P:0.27885 F:0.27359
1 ROUGE-1 Eval D1038-A.M.100.G.1 R:0.15686 P:0.21277 F:0.18059
1 ROUGE-1 Eval D1039-A.M.100.G.1 R:0.26531 P:0.30660 F:0.28446
1 ROUGE-1 Eval D1040-A.M.100.G.1 R:0.11915 P:0.18919 F:0.14622
1 ROUGE-1 Eval D1041-A.M.100.H.1 R:0.18898 P:0.29268 F:0.22967
1 ROUGE-1 Eval D1042-A.M.100.H.1 R:0.22870 P:0.33553 F:0.27200
1 ROUGE-1 Eval D1043-A.M.100.H.1 R:0.16949 P:0.21739 F:0.19047
1 ROUGE-1 Eval D1044-A.M.100.H.1 R:0.26160 P:0.34444 F:0.29736
1 ROUGE-1 Eval D1045-A.M.100.H.1 R:0.35827 P:0.37917 F:0.36842
1 ROUGE-1 Eval D1046-A.M.100.H.1 R:0.19685 P:0.23585 F:0.21459
---------------------------------------------
1 ROUGE-2 Average_R: 0.04347 ( 95%-conf.int. 0.03317 - 0.05388)
1 ROUGE-2 Average_P: 0.05310 ( 95%-conf.int. 0.04159 - 0.06429)
1 ROUGE-2 Average_F: 0.04759 ( 95%-conf.int. 0.03678 - 0.05820)
.............................................
1 ROUGE-2 Eval D1001-A.M.100.A.1 R:0.02929 P:0.04375 F:0.03509
1 ROUGE-2 Eval D1002-A.M.100.A.1 R:0.02979 P:0.04070 F:0.03440
1 ROUGE-2 Eval D1003-A.M.100.A.1 R:0.04405 P:0.05000 F:0.04684
1 ROUGE-2 Eval D1004-A.M.100.A.1 R:0.08824 P:0.10938 F:0.09768
1 ROUGE-2 Eval D1005-A.M.100.A.1 R:0.01667 P:0.02128 F:0.01869
1 ROUGE-2 Eval D1006-A.M.100.A.1 R:0.00389 P:0.00581 F:0.00466
1 ROUGE-2 Eval D1007-A.M.100.B.1 R:0.06787 P:0.07075 F:0.06928
1 ROUGE-2 Eval D1008-A.M.100.B.1 R:0.02869 P:0.03646 F:0.03211
1 ROUGE-2 Eval D1009-A.M.100.B.1 R:0.04955 P:0.06250 F:0.05528
1 ROUGE-2 Eval D1010-A.M.100.B.1 R:0.09350 P:0.10849 F:0.10044
1 ROUGE-2 Eval D1011-A.M.100.C.1 R:0.02193 P:0.03205 F:0.02604
1 ROUGE-2 Eval D1012-A.M.100.C.1 R:0.00413 P:0.00500 F:0.00452
1 ROUGE-2 Eval D1013-A.M.100.C.1 R:0.08571 P:0.11170 F:0.09699
1 ROUGE-2 Eval D1014-A.M.100.C.1 R:0.01277 P:0.01339 F:0.01307
1 ROUGE-2 Eval D1015-A.M.100.C.1 R:0.05364 P:0.06364 F:0.05821
1 ROUGE-2 Eval D1016-A.M.100.C.1 R:0.06849 P:0.07979 F:0.07371
1 ROUGE-2 Eval D1017-A.M.100.D.1 R:0.02075 P:0.02500 F:0.02268
1 ROUGE-2 Eval D1018-A.M.100.D.1 R:0.06809 P:0.08889 F:0.07711
1 ROUGE-2 Eval D1019-A.M.100.D.1 R:0.03814 P:0.05921 F:0.04639
1 ROUGE-2 Eval D1020-A.M.100.D.1 R:0.02941 P:0.03723 F:0.03286
1 ROUGE-2 Eval D1021-A.M.100.D.1 R:0.00000 P:0.00000 F:0.00000
1 ROUGE-2 Eval D1022-A.M.100.D.1 R:0.04255 P:0.04902 F:0.04556
1 ROUGE-2 Eval D1023-A.M.100.E.1 R:0.00840 P:0.01042 F:0.00930
1 ROUGE-2 Eval D1024-A.M.100.E.1 R:0.04661 P:0.05978 F:0.05238
1 ROUGE-2 Eval D1025-A.M.100.E.1 R:0.06757 P:0.08152 F:0.07389
1 ROUGE-2 Eval D1026-A.M.100.E.1 R:0.00000 P:0.00000 F:0.00000
1 ROUGE-2 Eval D1027-A.M.100.E.1 R:0.15726 P:0.15726 F:0.15726
1 ROUGE-2 Eval D1028-A.M.100.E.1 R:0.11441 P:0.12273 F:0.11842
1 ROUGE-2 Eval D1029-A.M.100.F.1 R:0.02966 P:0.03241 F:0.03097
1 ROUGE-2 Eval D1030-A.M.100.F.1 R:0.00000 P:0.00000 F:0.00000
1 ROUGE-2 Eval D1031-A.M.100.F.1 R:0.00830 P:0.01064 F:0.00933
1 ROUGE-2 Eval D1032-A.M.100.F.1 R:0.06202 P:0.09756 F:0.07583
1 ROUGE-2 Eval D1033-A.M.100.F.1 R:0.04202 P:0.04098 F:0.04149
1 ROUGE-2 Eval D1034-A.M.100.F.1 R:0.01674 P:0.02273 F:0.01928
1 ROUGE-2 Eval D1035-A.M.100.G.1 R:0.07025 P:0.09659 F:0.08134
1 ROUGE-2 Eval D1036-A.M.100.G.1 R:0.01245 P:0.02027 F:0.01543
1 ROUGE-2 Eval D1037-A.M.100.G.1 R:0.06132 P:0.06373 F:0.06250
1 ROUGE-2 Eval D1038-A.M.100.G.1 R:0.01992 P:0.02717 F:0.02299
1 ROUGE-2 Eval D1039-A.M.100.G.1 R:0.10373 P:0.12019 F:0.11136
1 ROUGE-2 Eval D1040-A.M.100.G.1 R:0.00000 P:0.00000 F:0.00000
1 ROUGE-2 Eval D1041-A.M.100.H.1 R:0.05200 P:0.08125 F:0.06341
1 ROUGE-2 Eval D1042-A.M.100.H.1 R:0.05479 P:0.08108 F:0.06539
1 ROUGE-2 Eval D1043-A.M.100.H.1 R:0.00000 P:0.00000 F:0.00000
1 ROUGE-2 Eval D1044-A.M.100.H.1 R:0.04292 P:0.05682 F:0.04890
1 ROUGE-2 Eval D1045-A.M.100.H.1 R:0.09200 P:0.09746 F:0.09465
1 ROUGE-2 Eval D1046-A.M.100.H.1 R:0.03600 P:0.04327 F:0.03930
---------------------------------------------
1 ROUGE-3 Average_R: 0.01218 ( 95%-conf.int. 0.00807 - 0.01672)
1 ROUGE-3 Average_P: 0.01495 ( 95%-conf.int. 0.01008 - 0.02048)
1 ROUGE-3 Average_F: 0.01336 ( 95%-conf.int. 0.00890 - 0.01832)
.............................................
1 ROUGE-3 Eval D1001-A.M.100.A.1 R:0.00000 P:0.00000 F:0.00000
1 ROUGE-3 Eval D1002-A.M.100.A.1 R:0.00433 P:0.00595 F:0.00501
1 ROUGE-3 Eval D1003-A.M.100.A.1 R:0.00448 P:0.00510 F:0.00477
1 ROUGE-3 Eval D1004-A.M.100.A.1 R:0.02564 P:0.03191 F:0.02843
1 ROUGE-3 Eval D1005-A.M.100.A.1 R:0.00424 P:0.00543 F:0.00476
1 ROUGE-3 Eval D1006-A.M.100.A.1 R:0.00000 P:0.00000 F:0.00000
1 ROUGE-3 Eval D1007-A.M.100.B.1 R:0.01382 P:0.01442 F:0.01411
1 ROUGE-3 Eval D1008-A.M.100.B.1 R:0.00417 P:0.00532 F:0.00468
1 ROUGE-3 Eval D1009-A.M.100.B.1 R:0.00917 P:0.01163 F:0.01025
1 ROUGE-3 Eval D1010-A.M.100.B.1 R:0.06612 P:0.07692 F:0.07111
1 ROUGE-3 Eval D1011-A.M.100.C.1 R:0.00000 P:0.00000 F:0.00000
1 ROUGE-3 Eval D1012-A.M.100.C.1 R:0.00000 P:0.00000 F:0.00000
1 ROUGE-3 Eval D1013-A.M.100.C.1 R:0.04149 P:0.05435 F:0.04706
1 ROUGE-3 Eval D1014-A.M.100.C.1 R:0.00000 P:0.00000 F:0.00000
1 ROUGE-3 Eval D1015-A.M.100.C.1 R:0.02335 P:0.02778 F:0.02537
1 ROUGE-3 Eval D1016-A.M.100.C.1 R:0.01860 P:0.02174 F:0.02005
1 ROUGE-3 Eval D1017-A.M.100.D.1 R:0.00000 P:0.00000 F:0.00000
1 ROUGE-3 Eval D1018-A.M.100.D.1 R:0.03463 P:0.04545 F:0.03931
1 ROUGE-3 Eval D1019-A.M.100.D.1 R:0.02586 P:0.04054 F:0.03158
1 ROUGE-3 Eval D1020-A.M.100.D.1 R:0.00855 P:0.01087 F:0.00957
1 ROUGE-3 Eval D1021-A.M.100.D.1 R:0.00000 P:0.00000 F:0.00000
1 ROUGE-3 Eval D1022-A.M.100.D.1 R:0.00866 P:0.01000 F:0.00928
1 ROUGE-3 Eval D1023-A.M.100.E.1 R:0.00000 P:0.00000 F:0.00000
1 ROUGE-3 Eval D1024-A.M.100.E.1 R:0.00862 P:0.01111 F:0.00971
1 ROUGE-3 Eval D1025-A.M.100.E.1 R:0.00459 P:0.00556 F:0.00503
1 ROUGE-3 Eval D1026-A.M.100.E.1 R:0.00000 P:0.00000 F:0.00000
1 ROUGE-3 Eval D1027-A.M.100.E.1 R:0.04508 P:0.04508 F:0.04508
1 ROUGE-3 Eval D1028-A.M.100.E.1 R:0.02586 P:0.02778 F:0.02679
1 ROUGE-3 Eval D1029-A.M.100.F.1 R:0.00431 P:0.00472 F:0.00451
1 ROUGE-3 Eval D1030-A.M.100.F.1 R:0.00000 P:0.00000 F:0.00000
1 ROUGE-3 Eval D1031-A.M.100.F.1 R:0.00000 P:0.00000 F:0.00000
1 ROUGE-3 Eval D1032-A.M.100.F.1 R:0.01575 P:0.02500 F:0.01933
1 ROUGE-3 Eval D1033-A.M.100.F.1 R:0.02564 P:0.02500 F:0.02532
1 ROUGE-3 Eval D1034-A.M.100.F.1 R:0.00851 P:0.01163 F:0.00983
1 ROUGE-3 Eval D1035-A.M.100.G.1 R:0.00840 P:0.01163 F:0.00975
1 ROUGE-3 Eval D1036-A.M.100.G.1 R:0.00000 P:0.00000 F:0.00000
1 ROUGE-3 Eval D1037-A.M.100.G.1 R:0.00000 P:0.00000 F:0.00000
1 ROUGE-3 Eval D1038-A.M.100.G.1 R:0.00405 P:0.00556 F:0.00469
1 ROUGE-3 Eval D1039-A.M.100.G.1 R:0.04219 P:0.04902 F:0.04535
1 ROUGE-3 Eval D1040-A.M.100.G.1 R:0.00000 P:0.00000 F:0.00000
1 ROUGE-3 Eval D1041-A.M.100.H.1 R:0.02439 P:0.03846 F:0.02985
1 ROUGE-3 Eval D1042-A.M.100.H.1 R:0.00930 P:0.01389 F:0.01114
1 ROUGE-3 Eval D1043-A.M.100.H.1 R:0.00000 P:0.00000 F:0.00000
1 ROUGE-3 Eval D1044-A.M.100.H.1 R:0.00873 P:0.01163 F:0.00997
1 ROUGE-3 Eval D1045-A.M.100.H.1 R:0.02846 P:0.03017 F:0.02929
1 ROUGE-3 Eval D1046-A.M.100.H.1 R:0.00407 P:0.00490 F:0.00445
---------------------------------------------
1 ROUGE-4 Average_R: 0.00356 ( 95%-conf.int. 0.00157 - 0.00598)
1 ROUGE-4 Average_P: 0.00433 ( 95%-conf.int. 0.00194 - 0.00727)
1 ROUGE-4 Average_F: 0.00389 ( 95%-conf.int. 0.00172 - 0.00653)
.............................................
1 ROUGE-4 Eval D1001-A.M.100.A.1 R:0.00000 P:0.00000 F:0.00000
1 ROUGE-4 Eval D1002-A.M.100.A.1 R:0.00000 P:0.00000 F:0.00000
1 ROUGE-4 Eval D1003-A.M.100.A.1 R:0.00000 P:0.00000 F:0.00000
1 ROUGE-4 Eval D1004-A.M.100.A.1 R:0.00435 P:0.00543 F:0.00483
1 ROUGE-4 Eval D1005-A.M.100.A.1 R:0.00000 P:0.00000 F:0.00000
1 ROUGE-4 Eval D1006-A.M.100.A.1 R:0.00000 P:0.00000 F:0.00000
1 ROUGE-4 Eval D1007-A.M.100.B.1 R:0.00000 P:0.00000 F:0.00000
1 ROUGE-4 Eval D1008-A.M.100.B.1 R:0.00000 P:0.00000 F:0.00000
1 ROUGE-4 Eval D1009-A.M.100.B.1 R:0.00000 P:0.00000 F:0.00000
1 ROUGE-4 Eval D1010-A.M.100.B.1 R:0.04622 P:0.05392 F:0.04977
1 ROUGE-4 Eval D1011-A.M.100.C.1 R:0.00000 P:0.00000 F:0.00000
1 ROUGE-4 Eval D1012-A.M.100.C.1 R:0.00000 P:0.00000 F:0.00000
1 ROUGE-4 Eval D1013-A.M.100.C.1 R:0.01688 P:0.02222 F:0.01919
1 ROUGE-4 Eval D1014-A.M.100.C.1 R:0.00000 P:0.00000 F:0.00000
1 ROUGE-4 Eval D1015-A.M.100.C.1 R:0.01976 P:0.02358 F:0.02150
1 ROUGE-4 Eval D1016-A.M.100.C.1 R:0.00000 P:0.00000 F:0.00000
1 ROUGE-4 Eval D1017-A.M.100.D.1 R:0.00000 P:0.00000 F:0.00000
1 ROUGE-4 Eval D1018-A.M.100.D.1 R:0.00441 P:0.00581 F:0.00501
1 ROUGE-4 Eval D1019-A.M.100.D.1 R:0.01316 P:0.02083 F:0.01613
1 ROUGE-4 Eval D1020-A.M.100.D.1 R:0.00435 P:0.00556 F:0.00488
1 ROUGE-4 Eval D1021-A.M.100.D.1 R:0.00000 P:0.00000 F:0.00000
1 ROUGE-4 Eval D1022-A.M.100.D.1 R:0.00000 P:0.00000 F:0.00000
1 ROUGE-4 Eval D1023-A.M.100.E.1 R:0.00000 P:0.00000 F:0.00000
1 ROUGE-4 Eval D1024-A.M.100.E.1 R:0.00439 P:0.00568 F:0.00495
1 ROUGE-4 Eval D1025-A.M.100.E.1 R:0.00000 P:0.00000 F:0.00000
1 ROUGE-4 Eval D1026-A.M.100.E.1 R:0.00000 P:0.00000 F:0.00000
1 ROUGE-4 Eval D1027-A.M.100.E.1 R:0.00417 P:0.00417 F:0.00417
1 ROUGE-4 Eval D1028-A.M.100.E.1 R:0.00877 P:0.00943 F:0.00909
1 ROUGE-4 Eval D1029-A.M.100.F.1 R:0.00000 P:0.00000 F:0.00000
1 ROUGE-4 Eval D1030-A.M.100.F.1 R:0.00000 P:0.00000 F:0.00000
1 ROUGE-4 Eval D1031-A.M.100.F.1 R:0.00000 P:0.00000 F:0.00000
1 ROUGE-4 Eval D1032-A.M.100.F.1 R:0.00000 P:0.00000 F:0.00000
1 ROUGE-4 Eval D1033-A.M.100.F.1 R:0.01304 P:0.01271 F:0.01287
1 ROUGE-4 Eval D1034-A.M.100.F.1 R:0.00433 P:0.00595 F:0.00501
1 ROUGE-4 Eval D1035-A.M.100.G.1 R:0.00000 P:0.00000 F:0.00000
1 ROUGE-4 Eval D1036-A.M.100.G.1 R:0.00000 P:0.00000 F:0.00000
1 ROUGE-4 Eval D1037-A.M.100.G.1 R:0.00000 P:0.00000 F:0.00000
1 ROUGE-4 Eval D1038-A.M.100.G.1 R:0.00000 P:0.00000 F:0.00000
1 ROUGE-4 Eval D1039-A.M.100.G.1 R:0.00858 P:0.01000 F:0.00924
1 ROUGE-4 Eval D1040-A.M.100.G.1 R:0.00000 P:0.00000 F:0.00000
1 ROUGE-4 Eval D1041-A.M.100.H.1 R:0.00413 P:0.00658 F:0.00507
1 ROUGE-4 Eval D1042-A.M.100.H.1 R:0.00000 P:0.00000 F:0.00000
1 ROUGE-4 Eval D1043-A.M.100.H.1 R:0.00000 P:0.00000 F:0.00000
1 ROUGE-4 Eval D1044-A.M.100.H.1 R:0.00000 P:0.00000 F:0.00000
1 ROUGE-4 Eval D1045-A.M.100.H.1 R:0.00826 P:0.00877 F:0.00851
1 ROUGE-4 Eval D1046-A.M.100.H.1 R:0.00000 P:0.00000 F:0.00000
