---------------------------------------------
1 ROUGE-1 Average_R: 0.23619 ( 95%-conf.int. 0.21752 - 0.25658)
1 ROUGE-1 Average_P: 0.25349 ( 95%-conf.int. 0.23214 - 0.27595)
1 ROUGE-1 Average_F: 0.24384 ( 95%-conf.int. 0.22428 - 0.26503)
.............................................
1 ROUGE-1 Eval D1001-A.M.100.A.1 R:0.14815 P:0.15789 F:0.15287
1 ROUGE-1 Eval D1002-A.M.100.A.1 R:0.25941 P:0.31633 F:0.28506
1 ROUGE-1 Eval D1003-A.M.100.A.1 R:0.23810 P:0.22917 F:0.23355
1 ROUGE-1 Eval D1004-A.M.100.A.1 R:0.25207 P:0.25847 F:0.25523
1 ROUGE-1 Eval D1005-A.M.100.A.1 R:0.17623 P:0.18860 F:0.18221
1 ROUGE-1 Eval D1006-A.M.100.A.1 R:0.18008 P:0.20259 F:0.19067
1 ROUGE-1 Eval D1007-A.M.100.B.1 R:0.16000 P:0.17647 F:0.16783
1 ROUGE-1 Eval D1008-A.M.100.B.1 R:0.14516 P:0.17308 F:0.15790
1 ROUGE-1 Eval D1009-A.M.100.B.1 R:0.30088 P:0.34000 F:0.31925
1 ROUGE-1 Eval D1010-A.M.100.B.1 R:0.30400 P:0.28788 F:0.29572
1 ROUGE-1 Eval D1011-A.M.100.C.1 R:0.08621 P:0.12500 F:0.10204
1 ROUGE-1 Eval D1012-A.M.100.C.1 R:0.24797 P:0.23462 F:0.24111
1 ROUGE-1 Eval D1013-A.M.100.C.1 R:0.16466 P:0.17982 F:0.17191
1 ROUGE-1 Eval D1014-A.M.100.C.1 R:0.27615 P:0.26613 F:0.27105
1 ROUGE-1 Eval D1015-A.M.100.C.1 R:0.22642 P:0.22388 F:0.22514
1 ROUGE-1 Eval D1016-A.M.100.C.1 R:0.21973 P:0.16333 F:0.18738
1 ROUGE-1 Eval D1017-A.M.100.D.1 R:0.22857 P:0.25926 F:0.24295
1 ROUGE-1 Eval D1018-A.M.100.D.1 R:0.28033 P:0.33500 F:0.30524
1 ROUGE-1 Eval D1019-A.M.100.D.1 R:0.27917 P:0.36413 F:0.31604
1 ROUGE-1 Eval D1020-A.M.100.D.1 R:0.16116 P:0.18056 F:0.17031
1 ROUGE-1 Eval D1021-A.M.100.D.1 R:0.39831 P:0.43519 F:0.41593
1 ROUGE-1 Eval D1022-A.M.100.D.1 R:0.33473 P:0.31746 F:0.32587
1 ROUGE-1 Eval D1023-A.M.100.E.1 R:0.21074 P:0.19922 F:0.20482
1 ROUGE-1 Eval D1024-A.M.100.E.1 R:0.21667 P:0.23636 F:0.22609
1 ROUGE-1 Eval D1025-A.M.100.E.1 R:0.27876 P:0.27155 F:0.27511
1 ROUGE-1 Eval D1026-A.M.100.E.1 R:0.26068 P:0.23828 F:0.24898
1 ROUGE-1 Eval D1027-A.M.100.E.1 R:0.28968 P:0.38021 F:0.32883
1 ROUGE-1 Eval D1028-A.M.100.E.1 R:0.33750 P:0.38208 F:0.35841
1 ROUGE-1 Eval D1029-A.M.100.F.1 R:0.17083 P:0.18636 F:0.17826
1 ROUGE-1 Eval D1030-A.M.100.F.1 R:0.08333 P:0.11170 F:0.09545
1 ROUGE-1 Eval D1031-A.M.100.F.1 R:0.10612 P:0.10156 F:0.10379
1 ROUGE-1 Eval D1032-A.M.100.F.1 R:0.32824 P:0.36441 F:0.34538
1 ROUGE-1 Eval D1033-A.M.100.F.1 R:0.25207 P:0.25000 F:0.25103
1 ROUGE-1 Eval D1034-A.M.100.F.1 R:0.18519 P:0.18145 F:0.18330
1 ROUGE-1 Eval D1035-A.M.100.G.1 R:0.29675 P:0.32589 F:0.31064
1 ROUGE-1 Eval D1036-A.M.100.G.1 R:0.25306 P:0.27679 F:0.26439
1 ROUGE-1 Eval D1037-A.M.100.G.1 R:0.20833 P:0.23936 F:0.22277
1 ROUGE-1 Eval D1038-A.M.100.G.1 R:0.28627 P:0.30932 F:0.29735
1 ROUGE-1 Eval D1039-A.M.100.G.1 R:0.23265 P:0.24569 F:0.23899
1 ROUGE-1 Eval D1040-A.M.100.G.1 R:0.29787 P:0.33019 F:0.31320
1 ROUGE-1 Eval D1041-A.M.100.H.1 R:0.18898 P:0.22642 F:0.20601
1 ROUGE-1 Eval D1042-A.M.100.H.1 R:0.21076 P:0.22170 F:0.21609
1 ROUGE-1 Eval D1043-A.M.100.H.1 R:0.26271 P:0.29245 F:0.27678
1 ROUGE-1 Eval D1044-A.M.100.H.1 R:0.25738 P:0.25000 F:0.25364
1 ROUGE-1 Eval D1045-A.M.100.H.1 R:0.30709 P:0.35455 F:0.32912
1 ROUGE-1 Eval D1046-A.M.100.H.1 R:0.26772 P:0.26984 F:0.26878
---------------------------------------------
1 ROUGE-2 Average_R: 0.06092 ( 95%-conf.int. 0.05222 - 0.07105)
1 ROUGE-2 Average_P: 0.06541 ( 95%-conf.int. 0.05579 - 0.07670)
1 ROUGE-2 Average_F: 0.06292 ( 95%-conf.int. 0.05392 - 0.07342)
.............................................
1 ROUGE-2 Eval D1001-A.M.100.A.1 R:0.04603 P:0.04911 F:0.04752
1 ROUGE-2 Eval D1002-A.M.100.A.1 R:0.08085 P:0.09896 F:0.08899
1 ROUGE-2 Eval D1003-A.M.100.A.1 R:0.04405 P:0.04237 F:0.04319
1 ROUGE-2 Eval D1004-A.M.100.A.1 R:0.04622 P:0.04741 F:0.04681
1 ROUGE-2 Eval D1005-A.M.100.A.1 R:0.05000 P:0.05357 F:0.05172
1 ROUGE-2 Eval D1006-A.M.100.A.1 R:0.01167 P:0.01316 F:0.01237
1 ROUGE-2 Eval D1007-A.M.100.B.1 R:0.04072 P:0.04500 F:0.04275
1 ROUGE-2 Eval D1008-A.M.100.B.1 R:0.02049 P:0.02451 F:0.02232
1 ROUGE-2 Eval D1009-A.M.100.B.1 R:0.08108 P:0.09184 F:0.08613
1 ROUGE-2 Eval D1010-A.M.100.B.1 R:0.09756 P:0.09231 F:0.09486
1 ROUGE-2 Eval D1011-A.M.100.C.1 R:0.02632 P:0.03846 F:0.03125
1 ROUGE-2 Eval D1012-A.M.100.C.1 R:0.05372 P:0.05078 F:0.05221
1 ROUGE-2 Eval D1013-A.M.100.C.1 R:0.05714 P:0.06250 F:0.05970
1 ROUGE-2 Eval D1014-A.M.100.C.1 R:0.07234 P:0.06967 F:0.07098
1 ROUGE-2 Eval D1015-A.M.100.C.1 R:0.05364 P:0.05303 F:0.05333
1 ROUGE-2 Eval D1016-A.M.100.C.1 R:0.03653 P:0.02703 F:0.03107
1 ROUGE-2 Eval D1017-A.M.100.D.1 R:0.04564 P:0.05189 F:0.04856
1 ROUGE-2 Eval D1018-A.M.100.D.1 R:0.09787 P:0.11735 F:0.10673
1 ROUGE-2 Eval D1019-A.M.100.D.1 R:0.04237 P:0.05556 F:0.04808
1 ROUGE-2 Eval D1020-A.M.100.D.1 R:0.02101 P:0.02358 F:0.02222
1 ROUGE-2 Eval D1021-A.M.100.D.1 R:0.15517 P:0.16981 F:0.16216
1 ROUGE-2 Eval D1022-A.M.100.D.1 R:0.11064 P:0.10484 F:0.10766
1 ROUGE-2 Eval D1023-A.M.100.E.1 R:0.04202 P:0.03968 F:0.04082
1 ROUGE-2 Eval D1024-A.M.100.E.1 R:0.05932 P:0.06481 F:0.06194
1 ROUGE-2 Eval D1025-A.M.100.E.1 R:0.10360 P:0.10088 F:0.10222
1 ROUGE-2 Eval D1026-A.M.100.E.1 R:0.08696 P:0.07937 F:0.08299
1 ROUGE-2 Eval D1027-A.M.100.E.1 R:0.08871 P:0.11702 F:0.10092
1 ROUGE-2 Eval D1028-A.M.100.E.1 R:0.12712 P:0.14423 F:0.13514
1 ROUGE-2 Eval D1029-A.M.100.F.1 R:0.03390 P:0.03704 F:0.03540
1 ROUGE-2 Eval D1030-A.M.100.F.1 R:0.00000 P:0.00000 F:0.00000
1 ROUGE-2 Eval D1031-A.M.100.F.1 R:0.02490 P:0.02381 F:0.02434
1 ROUGE-2 Eval D1032-A.M.100.F.1 R:0.08527 P:0.09483 F:0.08980
1 ROUGE-2 Eval D1033-A.M.100.F.1 R:0.05882 P:0.05833 F:0.05857
1 ROUGE-2 Eval D1034-A.M.100.F.1 R:0.05858 P:0.05738 F:0.05797
1 ROUGE-2 Eval D1035-A.M.100.G.1 R:0.08264 P:0.09091 F:0.08658
1 ROUGE-2 Eval D1036-A.M.100.G.1 R:0.05394 P:0.05909 F:0.05640
1 ROUGE-2 Eval D1037-A.M.100.G.1 R:0.02830 P:0.03261 F:0.03030
1 ROUGE-2 Eval D1038-A.M.100.G.1 R:0.08367 P:0.09052 F:0.08696
1 ROUGE-2 Eval D1039-A.M.100.G.1 R:0.07884 P:0.08333 F:0.08102
1 ROUGE-2 Eval D1040-A.M.100.G.1 R:0.12121 P:0.13462 F:0.12756
1 ROUGE-2 Eval D1041-A.M.100.H.1 R:0.05200 P:0.06250 F:0.05677
1 ROUGE-2 Eval D1042-A.M.100.H.1 R:0.04566 P:0.04808 F:0.04684
1 ROUGE-2 Eval D1043-A.M.100.H.1 R:0.03879 P:0.04327 F:0.04091
1 ROUGE-2 Eval D1044-A.M.100.H.1 R:0.03863 P:0.03750 F:0.03806
1 ROUGE-2 Eval D1045-A.M.100.H.1 R:0.06400 P:0.07407 F:0.06867
1 ROUGE-2 Eval D1046-A.M.100.H.1 R:0.05200 P:0.05242 F:0.05221
---------------------------------------------
1 ROUGE-3 Average_R: 0.01981 ( 95%-conf.int. 0.01484 - 0.02580)
1 ROUGE-3 Average_P: 0.02088 ( 95%-conf.int. 0.01555 - 0.02703)
1 ROUGE-3 Average_F: 0.02028 ( 95%-conf.int. 0.01522 - 0.02639)
.............................................
1 ROUGE-3 Eval D1001-A.M.100.A.1 R:0.02553 P:0.02727 F:0.02637
1 ROUGE-3 Eval D1002-A.M.100.A.1 R:0.02597 P:0.03191 F:0.02864
1 ROUGE-3 Eval D1003-A.M.100.A.1 R:0.00000 P:0.00000 F:0.00000
1 ROUGE-3 Eval D1004-A.M.100.A.1 R:0.02137 P:0.02193 F:0.02165
1 ROUGE-3 Eval D1005-A.M.100.A.1 R:0.02119 P:0.02273 F:0.02193
1 ROUGE-3 Eval D1006-A.M.100.A.1 R:0.00000 P:0.00000 F:0.00000
1 ROUGE-3 Eval D1007-A.M.100.B.1 R:0.00922 P:0.01020 F:0.00969
1 ROUGE-3 Eval D1008-A.M.100.B.1 R:0.00417 P:0.00500 F:0.00455
1 ROUGE-3 Eval D1009-A.M.100.B.1 R:0.01835 P:0.02083 F:0.01951
1 ROUGE-3 Eval D1010-A.M.100.B.1 R:0.04545 P:0.04297 F:0.04418
1 ROUGE-3 Eval D1011-A.M.100.C.1 R:0.00000 P:0.00000 F:0.00000
1 ROUGE-3 Eval D1012-A.M.100.C.1 R:0.01261 P:0.01190 F:0.01224
1 ROUGE-3 Eval D1013-A.M.100.C.1 R:0.00830 P:0.00909 F:0.00868
1 ROUGE-3 Eval D1014-A.M.100.C.1 R:0.04762 P:0.04583 F:0.04671
1 ROUGE-3 Eval D1015-A.M.100.C.1 R:0.01556 P:0.01538 F:0.01547
1 ROUGE-3 Eval D1016-A.M.100.C.1 R:0.00930 P:0.00685 F:0.00789
1 ROUGE-3 Eval D1017-A.M.100.D.1 R:0.00844 P:0.00962 F:0.00899
1 ROUGE-3 Eval D1018-A.M.100.D.1 R:0.05195 P:0.06250 F:0.05674
1 ROUGE-3 Eval D1019-A.M.100.D.1 R:0.00000 P:0.00000 F:0.00000
1 ROUGE-3 Eval D1020-A.M.100.D.1 R:0.00427 P:0.00481 F:0.00452
1 ROUGE-3 Eval D1021-A.M.100.D.1 R:0.06579 P:0.07212 F:0.06881
1 ROUGE-3 Eval D1022-A.M.100.D.1 R:0.04329 P:0.04098 F:0.04210
1 ROUGE-3 Eval D1023-A.M.100.E.1 R:0.00855 P:0.00806 F:0.00830
1 ROUGE-3 Eval D1024-A.M.100.E.1 R:0.02155 P:0.02358 F:0.02252
1 ROUGE-3 Eval D1025-A.M.100.E.1 R:0.04128 P:0.04018 F:0.04072
1 ROUGE-3 Eval D1026-A.M.100.E.1 R:0.07522 P:0.06855 F:0.07173
1 ROUGE-3 Eval D1027-A.M.100.E.1 R:0.02459 P:0.03261 F:0.02804
1 ROUGE-3 Eval D1028-A.M.100.E.1 R:0.03879 P:0.04412 F:0.04128
1 ROUGE-3 Eval D1029-A.M.100.F.1 R:0.00000 P:0.00000 F:0.00000
1 ROUGE-3 Eval D1030-A.M.100.F.1 R:0.00000 P:0.00000 F:0.00000
1 ROUGE-3 Eval D1031-A.M.100.F.1 R:0.00844 P:0.00806 F:0.00825
1 ROUGE-3 Eval D1032-A.M.100.F.1 R:0.02756 P:0.03070 F:0.02905
1 ROUGE-3 Eval D1033-A.M.100.F.1 R:0.02137 P:0.02119 F:0.02128
1 ROUGE-3 Eval D1034-A.M.100.F.1 R:0.00851 P:0.00833 F:0.00842
1 ROUGE-3 Eval D1035-A.M.100.G.1 R:0.01261 P:0.01389 F:0.01322
1 ROUGE-3 Eval D1036-A.M.100.G.1 R:0.00844 P:0.00926 F:0.00883
1 ROUGE-3 Eval D1037-A.M.100.G.1 R:0.00000 P:0.00000 F:0.00000
1 ROUGE-3 Eval D1038-A.M.100.G.1 R:0.02429 P:0.02632 F:0.02526
1 ROUGE-3 Eval D1039-A.M.100.G.1 R:0.01688 P:0.01786 F:0.01736
1 ROUGE-3 Eval D1040-A.M.100.G.1 R:0.06608 P:0.07353 F:0.06961
1 ROUGE-3 Eval D1041-A.M.100.H.1 R:0.02033 P:0.02451 F:0.02223
1 ROUGE-3 Eval D1042-A.M.100.H.1 R:0.01860 P:0.01961 F:0.01909
1 ROUGE-3 Eval D1043-A.M.100.H.1 R:0.00000 P:0.00000 F:0.00000
1 ROUGE-3 Eval D1044-A.M.100.H.1 R:0.01310 P:0.01271 F:0.01290
1 ROUGE-3 Eval D1045-A.M.100.H.1 R:0.00000 P:0.00000 F:0.00000
1 ROUGE-3 Eval D1046-A.M.100.H.1 R:0.01220 P:0.01230 F:0.01225
---------------------------------------------
1 ROUGE-4 Average_R: 0.00746 ( 95%-conf.int. 0.00389 - 0.01204)
1 ROUGE-4 Average_P: 0.00768 ( 95%-conf.int. 0.00401 - 0.01197)
1 ROUGE-4 Average_F: 0.00755 ( 95%-conf.int. 0.00391 - 0.01192)
.............................................
1 ROUGE-4 Eval D1001-A.M.100.A.1 R:0.00866 P:0.00926 F:0.00895
1 ROUGE-4 Eval D1002-A.M.100.A.1 R:0.01322 P:0.01630 F:0.01460
1 ROUGE-4 Eval D1003-A.M.100.A.1 R:0.00000 P:0.00000 F:0.00000
1 ROUGE-4 Eval D1004-A.M.100.A.1 R:0.01304 P:0.01339 F:0.01321
1 ROUGE-4 Eval D1005-A.M.100.A.1 R:0.00000 P:0.00000 F:0.00000
1 ROUGE-4 Eval D1006-A.M.100.A.1 R:0.00000 P:0.00000 F:0.00000
1 ROUGE-4 Eval D1007-A.M.100.B.1 R:0.00000 P:0.00000 F:0.00000
1 ROUGE-4 Eval D1008-A.M.100.B.1 R:0.00000 P:0.00000 F:0.00000
1 ROUGE-4 Eval D1009-A.M.100.B.1 R:0.00000 P:0.00000 F:0.00000
1 ROUGE-4 Eval D1010-A.M.100.B.1 R:0.00840 P:0.00794 F:0.00816
1 ROUGE-4 Eval D1011-A.M.100.C.1 R:0.00000 P:0.00000 F:0.00000
1 ROUGE-4 Eval D1012-A.M.100.C.1 R:0.00000 P:0.00000 F:0.00000
1 ROUGE-4 Eval D1013-A.M.100.C.1 R:0.00000 P:0.00000 F:0.00000
1 ROUGE-4 Eval D1014-A.M.100.C.1 R:0.03524 P:0.03390 F:0.03456
1 ROUGE-4 Eval D1015-A.M.100.C.1 R:0.00000 P:0.00000 F:0.00000
1 ROUGE-4 Eval D1016-A.M.100.C.1 R:0.00474 P:0.00347 F:0.00401
1 ROUGE-4 Eval D1017-A.M.100.D.1 R:0.00429 P:0.00490 F:0.00457
1 ROUGE-4 Eval D1018-A.M.100.D.1 R:0.02203 P:0.02660 F:0.02410
1 ROUGE-4 Eval D1019-A.M.100.D.1 R:0.00000 P:0.00000 F:0.00000
1 ROUGE-4 Eval D1020-A.M.100.D.1 R:0.00000 P:0.00000 F:0.00000
1 ROUGE-4 Eval D1021-A.M.100.D.1 R:0.03125 P:0.03431 F:0.03271
1 ROUGE-4 Eval D1022-A.M.100.D.1 R:0.01322 P:0.01250 F:0.01285
1 ROUGE-4 Eval D1023-A.M.100.E.1 R:0.00435 P:0.00410 F:0.00422
1 ROUGE-4 Eval D1024-A.M.100.E.1 R:0.00000 P:0.00000 F:0.00000
1 ROUGE-4 Eval D1025-A.M.100.E.1 R:0.00467 P:0.00455 F:0.00461
1 ROUGE-4 Eval D1026-A.M.100.E.1 R:0.07207 P:0.06557 F:0.06867
1 ROUGE-4 Eval D1027-A.M.100.E.1 R:0.00000 P:0.00000 F:0.00000
1 ROUGE-4 Eval D1028-A.M.100.E.1 R:0.01316 P:0.01500 F:0.01402
1 ROUGE-4 Eval D1029-A.M.100.F.1 R:0.00000 P:0.00000 F:0.00000
1 ROUGE-4 Eval D1030-A.M.100.F.1 R:0.00000 P:0.00000 F:0.00000
1 ROUGE-4 Eval D1031-A.M.100.F.1 R:0.00000 P:0.00000 F:0.00000
1 ROUGE-4 Eval D1032-A.M.100.F.1 R:0.00000 P:0.00000 F:0.00000
1 ROUGE-4 Eval D1033-A.M.100.F.1 R:0.00870 P:0.00862 F:0.00866
1 ROUGE-4 Eval D1034-A.M.100.F.1 R:0.00000 P:0.00000 F:0.00000
1 ROUGE-4 Eval D1035-A.M.100.G.1 R:0.00000 P:0.00000 F:0.00000
1 ROUGE-4 Eval D1036-A.M.100.G.1 R:0.00429 P:0.00472 F:0.00449
1 ROUGE-4 Eval D1037-A.M.100.G.1 R:0.00000 P:0.00000 F:0.00000
1 ROUGE-4 Eval D1038-A.M.100.G.1 R:0.00823 P:0.00893 F:0.00857
1 ROUGE-4 Eval D1039-A.M.100.G.1 R:0.00000 P:0.00000 F:0.00000
1 ROUGE-4 Eval D1040-A.M.100.G.1 R:0.04484 P:0.05000 F:0.04728
1 ROUGE-4 Eval D1041-A.M.100.H.1 R:0.00413 P:0.00500 F:0.00452
1 ROUGE-4 Eval D1042-A.M.100.H.1 R:0.00948 P:0.01000 F:0.00973
1 ROUGE-4 Eval D1043-A.M.100.H.1 R:0.00000 P:0.00000 F:0.00000
1 ROUGE-4 Eval D1044-A.M.100.H.1 R:0.00444 P:0.00431 F:0.00437
1 ROUGE-4 Eval D1045-A.M.100.H.1 R:0.00000 P:0.00000 F:0.00000
1 ROUGE-4 Eval D1046-A.M.100.H.1 R:0.00413 P:0.00417 F:0.00415
